<?xml version="1.0" encoding="UTF-8"?>
<!-- Generated by org.testng.reporters.JUnitReportReporter -->
<testsuite ignored="0" hostname="laptop" failures="0" tests="1" name="SeleniumF1.GoogleSearchPMO" time="5.556" errors="0" timestamp="16 Jun 2021 17:38:04 GMT" skipped="0">
  <testcase classname="SeleniumF1.GoogleSearchPMO" name="TestExecution" time="5.556"/>
</testsuite> <!-- SeleniumF1.GoogleSearchPMO -->
